# JRE version: Java(TM) SE Runtime Environment (17.0.6+9) (build 17.0.6+9-LTS-190)
# Java VM: Java HotSpot(TM) 64-Bit Server VM (17.0.6+9-LTS-190, mixed mode, sharing, tiered, compressed oops, compressed class ptrs, g1 gc, windows-amd64)
GC Precious Log:
 CPUs: 8 total, 8 available
 Memory: 7103M
 Large Page Support: Disabled
 NUMA Support: Disabled
 Compressed Oops: Enabled (32-bit)
 Heap Region Size: 1M
 Heap Min Capacity: 8M
 Heap Initial Capacity: 112M
 Heap Max Capacity: 1776M
 Pre-touch: Disabled
 Parallel Workers: 8
 Concurrent Workers: 2
 Concurrent Refinement Workers: 8
 Periodic GC: Disabled
Heap:
 garbage-first heap   total 284672K, used 100961K [0x0000000091000000, 0x0000000100000000)
  region size 1024K, 4 young (4096K), 4 survivors (4096K)
 Metaspace       used 67262K, committed 67712K, reserved 1114112K
  class space    used 8975K, committed 9216K, reserved 1048576K
GC Heap History (20 events):
Event: 33.198 GC heap after
{Heap after GC invocations=33 (full 0):
 garbage-first heap   total 80896K, used 42327K [0x0000000091000000, 0x0000000100000000)
  region size 1024K, 3 young (3072K), 3 survivors (3072K)
 Metaspace       used 66272K, committed 66752K, reserved 1114112K
  class space    used 8842K, committed 9088K, reserved 1048576K
}
Event: 33.311 GC heap before
{Heap before GC invocations=33 (full 0):
 garbage-first heap   total 80896K, used 63831K [0x0000000091000000, 0x0000000100000000)
  region size 1024K, 24 young (24576K), 3 survivors (3072K)
 Metaspace       used 66272K, committed 66752K, reserved 1114112K
  class space    used 8842K, committed 9088K, reserved 1048576K
}
Event: 33.319 GC heap after
{Heap after GC invocations=34 (full 0):
 garbage-first heap   total 80896K, used 45435K [0x0000000091000000, 0x0000000100000000)
  region size 1024K, 3 young (3072K), 3 survivors (3072K)
 Metaspace       used 66272K, committed 66752K, reserved 1114112K
  class space    used 8842K, committed 9088K, reserved 1048576K
}
Event: 33.408 GC heap before
{Heap before GC invocations=35 (full 0):
 garbage-first heap   total 102400K, used 65915K [0x0000000091000000, 0x0000000100000000)
  region size 1024K, 22 young (22528K), 3 survivors (3072K)
 Metaspace       used 66273K, committed 66752K, reserved 1114112K
  class space    used 8842K, committed 9088K, reserved 1048576K
}
Event: 33.416 GC heap after
{Heap after GC invocations=36 (full 0):
 garbage-first heap   total 102400K, used 48916K [0x0000000091000000, 0x0000000100000000)
  region size 1024K, 3 young (3072K), 3 survivors (3072K)
 Metaspace       used 66273K, committed 66752K, reserved 1114112K
  class space    used 8842K, committed 9088K, reserved 1048576K
}
Event: 33.521 GC heap before
{Heap before GC invocations=36 (full 0):
 garbage-first heap   total 102400K, used 79636K [0x0000000091000000, 0x0000000100000000)
  region size 1024K, 33 young (33792K), 3 survivors (3072K)
 Metaspace       used 66287K, committed 66752K, reserved 1114112K
  class space    used 8844K, committed 9088K, reserved 1048576K
}
Event: 33.524 GC heap after
{Heap after GC invocations=37 (full 0):
 garbage-first heap   total 102400K, used 49851K [0x0000000091000000, 0x0000000100000000)
  region size 1024K, 4 young (4096K), 4 survivors (4096K)
 Metaspace       used 66287K, committed 66752K, reserved 1114112K
  class space    used 8844K, committed 9088K, reserved 1048576K
}
Event: 33.923 GC heap before
{Heap before GC invocations=37 (full 0):
 garbage-first heap   total 102400K, used 61115K [0x0000000091000000, 0x0000000100000000)
  region size 1024K, 16 young (16384K), 4 survivors (4096K)
 Metaspace       used 67250K, committed 67712K, reserved 1114112K
  class space    used 8973K, committed 9216K, reserved 1048576K
}
Event: 33.928 GC heap after
{Heap after GC invocations=38 (full 0):
 garbage-first heap   total 102400K, used 51154K [0x0000000091000000, 0x0000000100000000)
  region size 1024K, 3 young (3072K), 3 survivors (3072K)
 Metaspace       used 67250K, committed 67712K, reserved 1114112K
  class space    used 8973K, committed 9216K, reserved 1048576K
}
Event: 34.091 GC heap before
{Heap before GC invocations=39 (full 0):
 garbage-first heap   total 102400K, used 72658K [0x0000000091000000, 0x0000000100000000)
  region size 1024K, 33 young (33792K), 3 survivors (3072K)
 Metaspace       used 67250K, committed 67712K, reserved 1114112K
  class space    used 8973K, committed 9216K, reserved 1048576K
}
Event: 34.097 GC heap after
{Heap after GC invocations=40 (full 0):
 garbage-first heap   total 102400K, used 44296K [0x0000000091000000, 0x0000000100000000)
  region size 1024K, 5 young (5120K), 5 survivors (5120K)
 Metaspace       used 67250K, committed 67712K, reserved 1114112K
  class space    used 8973K, committed 9216K, reserved 1048576K
}
Event: 34.103 GC heap before
{Heap before GC invocations=40 (full 0):
 garbage-first heap   total 102400K, used 45320K [0x0000000091000000, 0x0000000100000000)
  region size 1024K, 6 young (6144K), 5 survivors (5120K)
 Metaspace       used 67250K, committed 67712K, reserved 1114112K
  class space    used 8973K, committed 9216K, reserved 1048576K
}
Event: 34.109 GC heap after
{Heap after GC invocations=41 (full 0):
 garbage-first heap   total 284672K, used 44025K [0x0000000091000000, 0x0000000100000000)
  region size 1024K, 1 young (1024K), 1 survivors (1024K)
 Metaspace       used 67250K, committed 67712K, reserved 1114112K
  class space    used 8973K, committed 9216K, reserved 1048576K
}
Event: 34.804 GC heap before
{Heap before GC invocations=41 (full 0):
 garbage-first heap   total 284672K, used 207865K [0x0000000091000000, 0x0000000100000000)
  region size 1024K, 158 young (161792K), 1 survivors (1024K)
 Metaspace       used 67261K, committed 67712K, reserved 1114112K
  class space    used 8975K, committed 9216K, reserved 1048576K
}
Event: 34.864 GC heap after
{Heap after GC invocations=42 (full 0):
 garbage-first heap   total 284672K, used 64794K [0x0000000091000000, 0x0000000100000000)
  region size 1024K, 19 young (19456K), 19 survivors (19456K)
 Metaspace       used 67261K, committed 67712K, reserved 1114112K
  class space    used 8975K, committed 9216K, reserved 1048576K
}
Event: 35.166 GC heap before
{Heap before GC invocations=42 (full 0):
 garbage-first heap   total 284672K, used 204058K [0x0000000091000000, 0x0000000100000000)
  region size 1024K, 152 young (155648K), 19 survivors (19456K)
 Metaspace       used 67262K, committed 67712K, reserved 1114112K
  class space    used 8975K, committed 9216K, reserved 1048576K
}
Event: 35.207 GC heap after
{Heap after GC invocations=43 (full 0):
 garbage-first heap   total 284672K, used 80824K [0x0000000091000000, 0x0000000100000000)
  region size 1024K, 14 young (14336K), 14 survivors (14336K)
 Metaspace       used 67262K, committed 67712K, reserved 1114112K
  class space    used 8975K, committed 9216K, reserved 1048576K
}
Event: 35.695 GC heap before
{Heap before GC invocations=43 (full 0):
 garbage-first heap   total 284672K, used 213944K [0x0000000091000000, 0x0000000100000000)
  region size 1024K, 141 young (144384K), 14 survivors (14336K)
 Metaspace       used 67262K, committed 67712K, reserved 1114112K
  class space    used 8975K, committed 9216K, reserved 1048576K
}
Event: 35.746 GC heap after
{Heap after GC invocations=44 (full 0):
 garbage-first heap   total 284672K, used 96603K [0x0000000091000000, 0x0000000100000000)
  region size 1024K, 13 young (13312K), 13 survivors (13312K)
 Metaspace       used 67262K, committed 67712K, reserved 1114112K
  class space    used 8975K, committed 9216K, reserved 1048576K
}
Event: 35.781 GC heap before
{Heap before GC invocations=44 (full 0):
 garbage-first heap   total 284672K, used 116059K [0x0000000091000000, 0x0000000100000000)
  region size 1024K, 33 young (33792K), 13 survivors (13312K)
 Metaspace       used 67262K, committed 67712K, reserved 1114112K
  class space    used 8975K, committed 9216K, reserved 1048576K
}

