# JRE version: Java(TM) SE Runtime Environment (17.0.6+9) (build 17.0.6+9-LTS-190)
# Java VM: Java HotSpot(TM) 64-Bit Server VM (17.0.6+9-LTS-190, mixed mode, sharing, tiered, compressed oops, compressed class ptrs, g1 gc, windows-amd64)
GC Precious Log:
 CPUs: 8 total, 8 available
 Memory: 7103M
 Large Page Support: Disabled
 NUMA Support: Disabled
 Compressed Oops: Enabled (32-bit)
 Heap Region Size: 1M
 Heap Min Capacity: 8M
 Heap Initial Capacity: 112M
 Heap Max Capacity: 1776M
 Pre-touch: Disabled
 Parallel Workers: 8
 Concurrent Workers: 2
 Concurrent Refinement Workers: 8
 Periodic GC: Disabled
Heap:
 garbage-first heap   total 265216K, used 130983K [0x0000000091000000, 0x0000000100000000)
  region size 1024K, 2 young (2048K), 2 survivors (2048K)
 Metaspace       used 67173K, committed 67584K, reserved 1114112K
  class space    used 8976K, committed 9216K, reserved 1048576K
GC Heap History (20 events):
Event: 58.217 GC heap after
{Heap after GC invocations=31 (full 0):
 garbage-first heap   total 182272K, used 41177K [0x0000000091000000, 0x0000000100000000)
  region size 1024K, 3 young (3072K), 3 survivors (3072K)
 Metaspace       used 66135K, committed 66560K, reserved 1114112K
  class space    used 8844K, committed 9088K, reserved 1048576K
}
Event: 58.574 GC heap before
{Heap before GC invocations=32 (full 0):
 garbage-first heap   total 182272K, used 129241K [0x0000000091000000, 0x0000000100000000)
  region size 1024K, 88 young (90112K), 3 survivors (3072K)
 Metaspace       used 66153K, committed 66624K, reserved 1114112K
  class space    used 8846K, committed 9088K, reserved 1048576K
}
Event: 58.587 GC heap after
{Heap after GC invocations=33 (full 0):
 garbage-first heap   total 182272K, used 49833K [0x0000000091000000, 0x0000000100000000)
  region size 1024K, 10 young (10240K), 10 survivors (10240K)
 Metaspace       used 66153K, committed 66624K, reserved 1114112K
  class space    used 8846K, committed 9088K, reserved 1048576K
}
Event: 60.001 GC heap before
{Heap before GC invocations=33 (full 0):
 garbage-first heap   total 182272K, used 129705K [0x0000000091000000, 0x0000000100000000)
  region size 1024K, 86 young (88064K), 10 survivors (10240K)
 Metaspace       used 67140K, committed 67584K, reserved 1114112K
  class space    used 8973K, committed 9216K, reserved 1048576K
}
Event: 60.020 GC heap after
{Heap after GC invocations=34 (full 0):
 garbage-first heap   total 182272K, used 63025K [0x0000000091000000, 0x0000000100000000)
  region size 1024K, 11 young (11264K), 11 survivors (11264K)
 Metaspace       used 67140K, committed 67584K, reserved 1114112K
  class space    used 8973K, committed 9216K, reserved 1048576K
}
Event: 60.275 GC heap before
{Heap before GC invocations=34 (full 0):
 garbage-first heap   total 182272K, used 136753K [0x0000000091000000, 0x0000000100000000)
  region size 1024K, 80 young (81920K), 11 survivors (11264K)
 Metaspace       used 67153K, committed 67584K, reserved 1114112K
  class space    used 8976K, committed 9216K, reserved 1048576K
}
Event: 60.289 GC heap after
{Heap after GC invocations=35 (full 0):
 garbage-first heap   total 182272K, used 69660K [0x0000000091000000, 0x0000000100000000)
  region size 1024K, 5 young (5120K), 5 survivors (5120K)
 Metaspace       used 67153K, committed 67584K, reserved 1114112K
  class space    used 8976K, committed 9216K, reserved 1048576K
}
Event: 60.446 GC heap before
{Heap before GC invocations=35 (full 0):
 garbage-first heap   total 182272K, used 139292K [0x0000000091000000, 0x0000000100000000)
  region size 1024K, 73 young (74752K), 5 survivors (5120K)
 Metaspace       used 67153K, committed 67584K, reserved 1114112K
  class space    used 8976K, committed 9216K, reserved 1048576K
}
Event: 60.460 GC heap after
{Heap after GC invocations=36 (full 0):
 garbage-first heap   total 182272K, used 79576K [0x0000000091000000, 0x0000000100000000)
  region size 1024K, 10 young (10240K), 10 survivors (10240K)
 Metaspace       used 67153K, committed 67584K, reserved 1114112K
  class space    used 8976K, committed 9216K, reserved 1048576K
}
Event: 60.746 GC heap before
{Heap before GC invocations=36 (full 0):
 garbage-first heap   total 182272K, used 146136K [0x0000000091000000, 0x0000000100000000)
  region size 1024K, 72 young (73728K), 10 survivors (10240K)
 Metaspace       used 67160K, committed 67584K, reserved 1114112K
  class space    used 8976K, committed 9216K, reserved 1048576K
}
Event: 60.757 GC heap after
{Heap after GC invocations=37 (full 0):
 garbage-first heap   total 182272K, used 85671K [0x0000000091000000, 0x0000000100000000)
  region size 1024K, 4 young (4096K), 4 survivors (4096K)
 Metaspace       used 67160K, committed 67584K, reserved 1114112K
  class space    used 8976K, committed 9216K, reserved 1048576K
}
Event: 60.877 GC heap before
{Heap before GC invocations=37 (full 0):
 garbage-first heap   total 182272K, used 146087K [0x0000000091000000, 0x0000000100000000)
  region size 1024K, 63 young (64512K), 4 survivors (4096K)
 Metaspace       used 67160K, committed 67584K, reserved 1114112K
  class space    used 8976K, committed 9216K, reserved 1048576K
}
Event: 60.901 GC heap after
{Heap after GC invocations=38 (full 0):
 garbage-first heap   total 265216K, used 94431K [0x0000000091000000, 0x0000000100000000)
  region size 1024K, 8 young (8192K), 8 survivors (8192K)
 Metaspace       used 67160K, committed 67584K, reserved 1114112K
  class space    used 8976K, committed 9216K, reserved 1048576K
}
Event: 61.192 GC heap before
{Heap before GC invocations=38 (full 0):
 garbage-first heap   total 265216K, used 207071K [0x0000000091000000, 0x0000000100000000)
  region size 1024K, 115 young (117760K), 8 survivors (8192K)
 Metaspace       used 67165K, committed 67584K, reserved 1114112K
  class space    used 8976K, committed 9216K, reserved 1048576K
}
Event: 61.212 GC heap after
{Heap after GC invocations=39 (full 0):
 garbage-first heap   total 265216K, used 106616K [0x0000000091000000, 0x0000000100000000)
  region size 1024K, 15 young (15360K), 15 survivors (15360K)
 Metaspace       used 67165K, committed 67584K, reserved 1114112K
  class space    used 8976K, committed 9216K, reserved 1048576K
}
Event: 61.459 GC heap before
{Heap before GC invocations=39 (full 0):
 garbage-first heap   total 265216K, used 211064K [0x0000000091000000, 0x0000000100000000)
  region size 1024K, 114 young (116736K), 15 survivors (15360K)
 Metaspace       used 67171K, committed 67584K, reserved 1114112K
  class space    used 8976K, committed 9216K, reserved 1048576K
}
Event: 61.477 GC heap after
{Heap after GC invocations=40 (full 0):
 garbage-first heap   total 265216K, used 117655K [0x0000000091000000, 0x0000000100000000)
  region size 1024K, 9 young (9216K), 9 survivors (9216K)
 Metaspace       used 67171K, committed 67584K, reserved 1114112K
  class space    used 8976K, committed 9216K, reserved 1048576K
}
Event: 61.636 GC heap before
{Heap before GC invocations=40 (full 0):
 garbage-first heap   total 265216K, used 213911K [0x0000000091000000, 0x0000000100000000)
  region size 1024K, 102 young (104448K), 9 survivors (9216K)
 Metaspace       used 67171K, committed 67584K, reserved 1114112K
  class space    used 8976K, committed 9216K, reserved 1048576K
}
Event: 61.651 GC heap after
{Heap after GC invocations=41 (full 0):
 garbage-first heap   total 265216K, used 129007K [0x0000000091000000, 0x0000000100000000)
  region size 1024K, 10 young (10240K), 10 survivors (10240K)
 Metaspace       used 67171K, committed 67584K, reserved 1114112K
  class space    used 8976K, committed 9216K, reserved 1048576K
}
Event: 61.677 GC heap before
{Heap before GC invocations=41 (full 0):
 garbage-first heap   total 265216K, used 134127K [0x0000000091000000, 0x0000000100000000)
  region size 1024K, 16 young (16384K), 10 survivors (10240K)
 Metaspace       used 67173K, committed 67584K, reserved 1114112K
  class space    used 8976K, committed 9216K, reserved 1048576K
}

