# JRE version: Java(TM) SE Runtime Environment (17.0.6+9) (build 17.0.6+9-LTS-190)
# Java VM: Java HotSpot(TM) 64-Bit Server VM (17.0.6+9-LTS-190, mixed mode, sharing, tiered, compressed oops, compressed class ptrs, g1 gc, windows-amd64)
GC Precious Log:
 CPUs: 8 total, 8 available
 Memory: 7103M
 Large Page Support: Disabled
 NUMA Support: Disabled
 Compressed Oops: Enabled (32-bit)
 Heap Region Size: 1M
 Heap Min Capacity: 8M
 Heap Initial Capacity: 112M
 Heap Max Capacity: 1776M
 Pre-touch: Disabled
 Parallel Workers: 8
 Concurrent Workers: 2
 Concurrent Refinement Workers: 8
 Periodic GC: Disabled
Heap:
 garbage-first heap   total 51200K, used 37052K [0x0000000091000000, 0x0000000100000000)
  region size 1024K, 21 young (21504K), 2 survivors (2048K)
 Metaspace       used 41002K, committed 41408K, reserved 1089536K
  class space    used 5432K, committed 5632K, reserved 1048576K
GC Heap History (18 events):
Event: 2.041 GC heap before
{Heap before GC invocations=0 (full 0):
 garbage-first heap   total 114688K, used 23552K [0x0000000091000000, 0x0000000100000000)
  region size 1024K, 23 young (23552K), 0 survivors (0K)
 Metaspace       used 5708K, committed 5888K, reserved 1056768K
  class space    used 653K, committed 768K, reserved 1048576K
}
Event: 2.055 GC heap after
{Heap after GC invocations=1 (full 0):
 garbage-first heap   total 114688K, used 8480K [0x0000000091000000, 0x0000000100000000)
  region size 1024K, 3 young (3072K), 3 survivors (3072K)
 Metaspace       used 5708K, committed 5888K, reserved 1056768K
  class space    used 653K, committed 768K, reserved 1048576K
}
Event: 3.305 GC heap before
{Heap before GC invocations=1 (full 0):
 garbage-first heap   total 114688K, used 28960K [0x0000000091000000, 0x0000000100000000)
  region size 1024K, 24 young (24576K), 3 survivors (3072K)
 Metaspace       used 11269K, committed 11584K, reserved 1064960K
  class space    used 1381K, committed 1536K, reserved 1048576K
}
Event: 3.313 GC heap after
{Heap after GC invocations=2 (full 0):
 garbage-first heap   total 114688K, used 9823K [0x0000000091000000, 0x0000000100000000)
  region size 1024K, 2 young (2048K), 2 survivors (2048K)
 Metaspace       used 11269K, committed 11584K, reserved 1064960K
  class space    used 1381K, committed 1536K, reserved 1048576K
}
Event: 5.859 GC heap before
{Heap before GC invocations=2 (full 0):
 garbage-first heap   total 114688K, used 53855K [0x0000000091000000, 0x0000000100000000)
  region size 1024K, 45 young (46080K), 2 survivors (2048K)
 Metaspace       used 18873K, committed 19072K, reserved 1073152K
  class space    used 2244K, committed 2304K, reserved 1048576K
}
Event: 5.870 GC heap after
{Heap after GC invocations=3 (full 0):
 garbage-first heap   total 114688K, used 12488K [0x0000000091000000, 0x0000000100000000)
  region size 1024K, 4 young (4096K), 4 survivors (4096K)
 Metaspace       used 18873K, committed 19072K, reserved 1073152K
  class space    used 2244K, committed 2304K, reserved 1048576K
}
Event: 6.946 GC heap before
{Heap before GC invocations=3 (full 0):
 garbage-first heap   total 114688K, used 27848K [0x0000000091000000, 0x0000000100000000)
  region size 1024K, 20 young (20480K), 4 survivors (4096K)
 Metaspace       used 21289K, committed 21504K, reserved 1073152K
  class space    used 2568K, committed 2624K, reserved 1048576K
}
Event: 6.957 GC heap after
{Heap after GC invocations=4 (full 0):
 garbage-first heap   total 114688K, used 13150K [0x0000000091000000, 0x0000000100000000)
  region size 1024K, 5 young (5120K), 5 survivors (5120K)
 Metaspace       used 21289K, committed 21504K, reserved 1073152K
  class space    used 2568K, committed 2624K, reserved 1048576K
}
Event: 8.595 GC heap before
{Heap before GC invocations=5 (full 0):
 garbage-first heap   total 51200K, used 38750K [0x0000000091000000, 0x0000000100000000)
  region size 1024K, 30 young (30720K), 5 survivors (5120K)
 Metaspace       used 25281K, committed 25600K, reserved 1073152K
  class space    used 3219K, committed 3392K, reserved 1048576K
}
Event: 8.616 GC heap after
{Heap after GC invocations=6 (full 0):
 garbage-first heap   total 51200K, used 14767K [0x0000000091000000, 0x0000000100000000)
  region size 1024K, 3 young (3072K), 3 survivors (3072K)
 Metaspace       used 25281K, committed 25600K, reserved 1073152K
  class space    used 3219K, committed 3392K, reserved 1048576K
}
Event: 8.702 GC heap before
{Heap before GC invocations=6 (full 0):
 garbage-first heap   total 51200K, used 15791K [0x0000000091000000, 0x0000000100000000)
  region size 1024K, 4 young (4096K), 3 survivors (3072K)
 Metaspace       used 25447K, committed 25728K, reserved 1073152K
  class space    used 3243K, committed 3392K, reserved 1048576K
}
Event: 8.711 GC heap after
{Heap after GC invocations=7 (full 0):
 garbage-first heap   total 51200K, used 15182K [0x0000000091000000, 0x0000000100000000)
  region size 1024K, 1 young (1024K), 1 survivors (1024K)
 Metaspace       used 25447K, committed 25728K, reserved 1073152K
  class space    used 3243K, committed 3392K, reserved 1048576K
}
Event: 10.035 GC heap before
{Heap before GC invocations=7 (full 0):
 garbage-first heap   total 51200K, used 35662K [0x0000000091000000, 0x0000000100000000)
  region size 1024K, 21 young (21504K), 1 survivors (1024K)
 Metaspace       used 29758K, committed 30016K, reserved 1081344K
  class space    used 3782K, committed 3904K, reserved 1048576K
}
Event: 10.046 GC heap after
{Heap after GC invocations=8 (full 0):
 garbage-first heap   total 51200K, used 16792K [0x0000000091000000, 0x0000000100000000)
  region size 1024K, 3 young (3072K), 3 survivors (3072K)
 Metaspace       used 29758K, committed 30016K, reserved 1081344K
  class space    used 3782K, committed 3904K, reserved 1048576K
}
Event: 10.860 GC heap before
{Heap before GC invocations=8 (full 0):
 garbage-first heap   total 51200K, used 36248K [0x0000000091000000, 0x0000000100000000)
  region size 1024K, 22 young (22528K), 3 survivors (3072K)
 Metaspace       used 32180K, committed 32448K, reserved 1081344K
  class space    used 4128K, committed 4288K, reserved 1048576K
}
Event: 10.865 GC heap after
{Heap after GC invocations=9 (full 0):
 garbage-first heap   total 51200K, used 18249K [0x0000000091000000, 0x0000000100000000)
  region size 1024K, 2 young (2048K), 2 survivors (2048K)
 Metaspace       used 32180K, committed 32448K, reserved 1081344K
  class space    used 4128K, committed 4288K, reserved 1048576K
}
Event: 11.708 GC heap before
{Heap before GC invocations=9 (full 0):
 garbage-first heap   total 51200K, used 32585K [0x0000000091000000, 0x0000000100000000)
  region size 1024K, 17 young (17408K), 2 survivors (2048K)
 Metaspace       used 35649K, committed 35968K, reserved 1081344K
  class space    used 4670K, committed 4800K, reserved 1048576K
}
Event: 11.712 GC heap after
{Heap after GC invocations=10 (full 0):
 garbage-first heap   total 51200K, used 18620K [0x0000000091000000, 0x0000000100000000)
  region size 1024K, 2 young (2048K), 2 survivors (2048K)
 Metaspace       used 35649K, committed 35968K, reserved 1081344K
  class space    used 4670K, committed 4800K, reserved 1048576K
}

